"Start of log file."
"C:/Users/Dimaa/test clien server fight/Assets/Scenes/inp_assets/mebel/3d pers4.max"
"Starting max loading and fbx conversion"
window = undefined
"Settings units"
"Before fbx export"
"After fbx export"
"Finished max loading and fbx conversion"
"C:/Users/Dimaa/test clien server fight/Assets/Scenes/inp_assets/mebel/3d pers1.max"
"Starting max loading and fbx conversion"
window = undefined
"Settings units"
"Before fbx export"
"After fbx export"
"Finished max loading and fbx conversion"
"C:/Users/Dimaa/test clien server fight/Assets/Scenes/inp_assets/mebel/3d pers1.max"
"Starting max loading and fbx conversion"
window = undefined
"Settings units"
"Before fbx export"
"After fbx export"
"Finished max loading and fbx conversion"
